<?xml version="1.0" encoding="UTF-8"?>
<testsuite name="com.thoughtworks.rectangle.AreaTest" tests="1" skipped="0" failures="0" errors="0" timestamp="2024-01-09T12:05:25" hostname="gurushifu-gurushifugitp-38n5550offh" time="0.015">
  <properties/>
  <testcase name="testArea()" classname="com.thoughtworks.rectangle.AreaTest" time="0.015"/>
  <system-out><![CDATA[]]></system-out>
  <system-err><![CDATA[]]></system-err>
</testsuite>
